Change Component Footprint: Designator=J2 Old Footprint=53261-0271 New Footprint=FileName=Molex-PicoBlade:\PCBLib\0.pcblib|Footprint=53261-0271
Change Component Footprint: Designator=J3 Old Footprint=53261-0271 New Footprint=FileName=Molex-PicoBlade:\PCBLib\0.pcblib|Footprint=53261-0271
Change Component Footprint: Designator=J4 Old Footprint=53261-0271 New Footprint=FileName=Molex-PicoBlade:\PCBLib\0.pcblib|Footprint=53261-0271
Change Component Footprint: Designator=J1 Old Footprint=53261-0571 New Footprint=FileName=Molex-PicoBlade:\PCBLib\0.pcblib|Footprint=53261-0571
Change Component Footprint: Designator=S1 Old Footprint=B3U-1000P New Footprint=FileName=Omron-B3U-TactSW:\PCBLib\0.pcblib|Footprint=B3U-1000P
Change Component Footprint: Designator=C1 Old Footprint=CAPC0603(1608)100_L New Footprint=LIBRARYSOURCE=Vault|VAULTGUID=B7D15EC3-160A-466F-A46C-7801FE6295A7|REVISIONGUID=A676DC06-4DD7-4514-9525-7E2BD06B28F1|FOOTPRINT=CAPC0603(1608)100_L
Change Component Footprint: Designator=C2 Old Footprint=CAPC0603(1608)100_L New Footprint=LIBRARYSOURCE=Vault|VAULTGUID=B7D15EC3-160A-466F-A46C-7801FE6295A7|REVISIONGUID=A676DC06-4DD7-4514-9525-7E2BD06B28F1|FOOTPRINT=CAPC0603(1608)100_L
Change Component Footprint: Designator=C3 Old Footprint=CAPC0603(1608)100_L New Footprint=LIBRARYSOURCE=Vault|VAULTGUID=B7D15EC3-160A-466F-A46C-7801FE6295A7|REVISIONGUID=A676DC06-4DD7-4514-9525-7E2BD06B28F1|FOOTPRINT=CAPC0603(1608)100_L
Change Component Footprint: Designator=C4 Old Footprint=CAPC0603(1608)100_L New Footprint=LIBRARYSOURCE=Vault|VAULTGUID=B7D15EC3-160A-466F-A46C-7801FE6295A7|REVISIONGUID=A676DC06-4DD7-4514-9525-7E2BD06B28F1|FOOTPRINT=CAPC0603(1608)100_L
Change Component Footprint: Designator=C5 Old Footprint=CAPC0603(1608)100_L New Footprint=LIBRARYSOURCE=Vault|VAULTGUID=B7D15EC3-160A-466F-A46C-7801FE6295A7|REVISIONGUID=A676DC06-4DD7-4514-9525-7E2BD06B28F1|FOOTPRINT=CAPC0603(1608)100_L
Change Component Footprint: Designator=C6 Old Footprint=CAPC0603(1608)100_L New Footprint=LIBRARYSOURCE=Vault|VAULTGUID=B7D15EC3-160A-466F-A46C-7801FE6295A7|REVISIONGUID=A676DC06-4DD7-4514-9525-7E2BD06B28F1|FOOTPRINT=CAPC0603(1608)100_L
Change Component Footprint: Designator=C7 Old Footprint=CAPC0603(1608)100_L New Footprint=LIBRARYSOURCE=Vault|VAULTGUID=B7D15EC3-160A-466F-A46C-7801FE6295A7|REVISIONGUID=A676DC06-4DD7-4514-9525-7E2BD06B28F1|FOOTPRINT=CAPC0603(1608)100_L
Change Component Footprint: Designator=U3 Old Footprint=D0008A_L New Footprint=LIBRARYSOURCE=Vault|VAULTGUID=B7D15EC3-160A-466F-A46C-7801FE6295A7|REVISIONGUID=7CF01F10-E617-4A1F-9F66-7C985480B109|FOOTPRINT=D0008A_L
Change Component Footprint: Designator=P1 Old Footprint=HDR1X3 New Footprint=FileName=Miscellaneous Connectors:\PCBLib\0.pcblib|Footprint=HDR1X3
Change Component Footprint: Designator=R1 Old Footprint=RESC0603(1608)_L New Footprint=LIBRARYSOURCE=Vault|VAULTGUID=B7D15EC3-160A-466F-A46C-7801FE6295A7|REVISIONGUID=DC64E21A-2852-42E6-B46C-FAAA11386D7F|FOOTPRINT=RESC0603(1608)_L
Change Component Footprint: Designator=R2 Old Footprint=RESC0603(1608)_L New Footprint=LIBRARYSOURCE=Vault|VAULTGUID=B7D15EC3-160A-466F-A46C-7801FE6295A7|REVISIONGUID=DC64E21A-2852-42E6-B46C-FAAA11386D7F|FOOTPRINT=RESC0603(1608)_L
Change Component Footprint: Designator=R3 Old Footprint=RESC0603(1608)_L New Footprint=LIBRARYSOURCE=Vault|VAULTGUID=B7D15EC3-160A-466F-A46C-7801FE6295A7|REVISIONGUID=DC64E21A-2852-42E6-B46C-FAAA11386D7F|FOOTPRINT=RESC0603(1608)_L
Change Component Footprint: Designator=R4 Old Footprint=RESC0603(1608)_L New Footprint=LIBRARYSOURCE=Vault|VAULTGUID=B7D15EC3-160A-466F-A46C-7801FE6295A7|REVISIONGUID=DC64E21A-2852-42E6-B46C-FAAA11386D7F|FOOTPRINT=RESC0603(1608)_L
Change Component Footprint: Designator=R5 Old Footprint=RESC0603(1608)_L New Footprint=LIBRARYSOURCE=Vault|VAULTGUID=B7D15EC3-160A-466F-A46C-7801FE6295A7|REVISIONGUID=DC64E21A-2852-42E6-B46C-FAAA11386D7F|FOOTPRINT=RESC0603(1608)_L
Change Component Footprint: Designator=R6 Old Footprint=RESC0603(1608)_L New Footprint=LIBRARYSOURCE=Vault|VAULTGUID=B7D15EC3-160A-466F-A46C-7801FE6295A7|REVISIONGUID=DC64E21A-2852-42E6-B46C-FAAA11386D7F|FOOTPRINT=RESC0603(1608)_L
Change Component Footprint: Designator=R7 Old Footprint=RESC0603(1608)_L New Footprint=LIBRARYSOURCE=Vault|VAULTGUID=B7D15EC3-160A-466F-A46C-7801FE6295A7|REVISIONGUID=DC64E21A-2852-42E6-B46C-FAAA11386D7F|FOOTPRINT=RESC0603(1608)_L
Change Component Footprint: Designator=R8 Old Footprint=RESC0603(1608)_L New Footprint=LIBRARYSOURCE=Vault|VAULTGUID=B7D15EC3-160A-466F-A46C-7801FE6295A7|REVISIONGUID=DC64E21A-2852-42E6-B46C-FAAA11386D7F|FOOTPRINT=RESC0603(1608)_L
Change Component Footprint: Designator=R9 Old Footprint=RESC0603(1608)_L New Footprint=LIBRARYSOURCE=Vault|VAULTGUID=B7D15EC3-160A-466F-A46C-7801FE6295A7|REVISIONGUID=DC64E21A-2852-42E6-B46C-FAAA11386D7F|FOOTPRINT=RESC0603(1608)_L
Change Component Footprint: Designator=R10 Old Footprint=RESC0603(1608)_L New Footprint=LIBRARYSOURCE=Vault|VAULTGUID=B7D15EC3-160A-466F-A46C-7801FE6295A7|REVISIONGUID=DC64E21A-2852-42E6-B46C-FAAA11386D7F|FOOTPRINT=RESC0603(1608)_L
Change Component Footprint: Designator=R11 Old Footprint=RESC0603(1608)_L New Footprint=LIBRARYSOURCE=Vault|VAULTGUID=B7D15EC3-160A-466F-A46C-7801FE6295A7|REVISIONGUID=DC64E21A-2852-42E6-B46C-FAAA11386D7F|FOOTPRINT=RESC0603(1608)_L
Change Component Footprint: Designator=R12 Old Footprint=RESC0603(1608)_L New Footprint=LIBRARYSOURCE=Vault|VAULTGUID=B7D15EC3-160A-466F-A46C-7801FE6295A7|REVISIONGUID=DC64E21A-2852-42E6-B46C-FAAA11386D7F|FOOTPRINT=RESC0603(1608)_L
Change Component Footprint: Designator=R14 Old Footprint=RESC0603(1608)_L New Footprint=LIBRARYSOURCE=Vault|VAULTGUID=B7D15EC3-160A-466F-A46C-7801FE6295A7|REVISIONGUID=DC64E21A-2852-42E6-B46C-FAAA11386D7F|FOOTPRINT=RESC0603(1608)_L
Change Component Footprint: Designator=R15 Old Footprint=RESC0603(1608)_L New Footprint=LIBRARYSOURCE=Vault|VAULTGUID=B7D15EC3-160A-466F-A46C-7801FE6295A7|REVISIONGUID=DC64E21A-2852-42E6-B46C-FAAA11386D7F|FOOTPRINT=RESC0603(1608)_L
Change Component Footprint: Designator=R16 Old Footprint=RESC0603(1608)_L New Footprint=LIBRARYSOURCE=Vault|VAULTGUID=B7D15EC3-160A-466F-A46C-7801FE6295A7|REVISIONGUID=DC64E21A-2852-42E6-B46C-FAAA11386D7F|FOOTPRINT=RESC0603(1608)_L
Change Component Footprint: Designator=R17 Old Footprint=RESC0603(1608)_L New Footprint=LIBRARYSOURCE=Vault|VAULTGUID=B7D15EC3-160A-466F-A46C-7801FE6295A7|REVISIONGUID=DC64E21A-2852-42E6-B46C-FAAA11386D7F|FOOTPRINT=RESC0603(1608)_L
Change Component Footprint: Designator=R18 Old Footprint=RESC0603(1608)_L New Footprint=LIBRARYSOURCE=Vault|VAULTGUID=B7D15EC3-160A-466F-A46C-7801FE6295A7|REVISIONGUID=DC64E21A-2852-42E6-B46C-FAAA11386D7F|FOOTPRINT=RESC0603(1608)_L
Change Component Footprint: Designator=R19 Old Footprint=RESC0603(1608)_L New Footprint=LIBRARYSOURCE=Vault|VAULTGUID=B7D15EC3-160A-466F-A46C-7801FE6295A7|REVISIONGUID=DC64E21A-2852-42E6-B46C-FAAA11386D7F|FOOTPRINT=RESC0603(1608)_L
Change Component Footprint: Designator=R20 Old Footprint=RESC0603(1608)_L New Footprint=LIBRARYSOURCE=Vault|VAULTGUID=B7D15EC3-160A-466F-A46C-7801FE6295A7|REVISIONGUID=DC64E21A-2852-42E6-B46C-FAAA11386D7F|FOOTPRINT=RESC0603(1608)_L
Change Component Footprint: Designator=R21 Old Footprint=RESC0603(1608)_L New Footprint=LIBRARYSOURCE=Vault|VAULTGUID=B7D15EC3-160A-466F-A46C-7801FE6295A7|REVISIONGUID=DC64E21A-2852-42E6-B46C-FAAA11386D7F|FOOTPRINT=RESC0603(1608)_L
Change Component Footprint: Designator=R22 Old Footprint=RESC0603(1608)_L New Footprint=LIBRARYSOURCE=Vault|VAULTGUID=B7D15EC3-160A-466F-A46C-7801FE6295A7|REVISIONGUID=DC64E21A-2852-42E6-B46C-FAAA11386D7F|FOOTPRINT=RESC0603(1608)_L
Change Component Footprint: Designator=U2 Old Footprint=SOIC-SN8_N New Footprint=LIBRARYSOURCE=Vault|VAULTGUID=B7D15EC3-160A-466F-A46C-7801FE6295A7|REVISIONGUID=E602719A-D135-4DB8-A0BD-389F1883FE1D|FOOTPRINT=SOIC-SN8_N
Change Component Footprint: Designator=K1 Old Footprint=SOT230P700X180-4N New Footprint=FileName=STmicro-STN3NF06L:\PCBLib\0.pcblib|Footprint=SOT230P700X180-4N
Change Component Footprint: Designator=K2 Old Footprint=SOT230P700X180-4N New Footprint=FileName=STmicro-STN3NF06L:\PCBLib\0.pcblib|Footprint=SOT230P700X180-4N
Change Component Footprint: Designator=K3 Old Footprint=SOT230P700X180-4N New Footprint=FileName=STmicro-STN3NF06L:\PCBLib\0.pcblib|Footprint=SOT230P700X180-4N
Change Component Footprint: Designator=K4 Old Footprint=SOT230P700X180-4N New Footprint=FileName=STmicro-STN3NF06L:\PCBLib\0.pcblib|Footprint=SOT230P700X180-4N
Change Component Footprint: Designator=U1 Old Footprint=STM-LQFP32_M New Footprint=LIBRARYSOURCE=Vault|VAULTGUID=B7D15EC3-160A-466F-A46C-7801FE6295A7|REVISIONGUID=AEE07E0E-B3DA-4DB6-91B5-52D4CBB8A04E|FOOTPRINT=STM-LQFP32_M
Change Component Footprint: Designator=X1 Old Footprint=XRCHA New Footprint=FileName=Murata-XRCHA-Crystal:\PCBLib\0.pcblib|Footprint=XRCHA
