Change Physical Footprint: Designator=C1 Old Footprint=CAPC0603(1608)100_L New Footprint=CAPC0603(1608)100_L
Change Physical Footprint: Designator=C2 Old Footprint=CAPC0603(1608)100_L New Footprint=CAPC0603(1608)100_L
Change Physical Footprint: Designator=C3 Old Footprint=CAPC0603(1608)100_L New Footprint=CAPC0603(1608)100_L
Change Physical Footprint: Designator=C4 Old Footprint=CAPC0603(1608)100_L New Footprint=CAPC0603(1608)100_L
Change Physical Footprint: Designator=C5 Old Footprint=CAPC0603(1608)100_L New Footprint=CAPC0603(1608)100_L
Change Physical Footprint: Designator=C6 Old Footprint=CAPC0603(1608)100_L New Footprint=CAPC0603(1608)100_L
Change Physical Footprint: Designator=C7 Old Footprint=CAPC0603(1608)100_L New Footprint=CAPC0603(1608)100_L
Change Physical Footprint: Designator=J1 Old Footprint=53261-0571 New Footprint=53261-0571
Change Physical Footprint: Designator=J2 Old Footprint=53261-0271 New Footprint=53261-0271
Change Physical Footprint: Designator=J3 Old Footprint=53261-0271 New Footprint=53261-0271
Change Physical Footprint: Designator=J4 Old Footprint=53261-0271 New Footprint=53261-0271
Change Physical Footprint: Designator=P1 Old Footprint=HDR1X3 New Footprint=HDR1X3
Change Physical Footprint: Designator=R1 Old Footprint=RESC0603(1608)_L New Footprint=RESC0603(1608)_L
Change Physical Footprint: Designator=R2 Old Footprint=RESC0603(1608)_L New Footprint=RESC0603(1608)_L
Change Physical Footprint: Designator=R3 Old Footprint=RESC0603(1608)_L New Footprint=RESC0603(1608)_L
Change Physical Footprint: Designator=R4 Old Footprint=RESC0603(1608)_L New Footprint=RESC0603(1608)_L
Change Physical Footprint: Designator=R5 Old Footprint=RESC0603(1608)_L New Footprint=RESC0603(1608)_L
Change Physical Footprint: Designator=R6 Old Footprint=RESC0603(1608)_L New Footprint=RESC0603(1608)_L
Change Physical Footprint: Designator=R7 Old Footprint=RESC0603(1608)_L New Footprint=RESC0603(1608)_L
Change Physical Footprint: Designator=R8 Old Footprint=RESC0603(1608)_L New Footprint=RESC0603(1608)_L
Change Physical Footprint: Designator=R9 Old Footprint=RESC0603(1608)_L New Footprint=RESC0603(1608)_L
Change Physical Footprint: Designator=R10 Old Footprint=RESC0603(1608)_L New Footprint=RESC0603(1608)_L
Change Physical Footprint: Designator=R11 Old Footprint=RESC0603(1608)_L New Footprint=RESC0603(1608)_L
Change Physical Footprint: Designator=R12 Old Footprint=RESC0603(1608)_L New Footprint=RESC0603(1608)_L
Change Physical Footprint: Designator=R14 Old Footprint=RESC0603(1608)_L New Footprint=RESC0603(1608)_L
Change Physical Footprint: Designator=R15 Old Footprint=RESC0603(1608)_L New Footprint=RESC0603(1608)_L
Change Physical Footprint: Designator=R16 Old Footprint=RESC0603(1608)_L New Footprint=RESC0603(1608)_L
Change Physical Footprint: Designator=R17 Old Footprint=RESC0603(1608)_L New Footprint=RESC0603(1608)_L
Change Physical Footprint: Designator=R18 Old Footprint=RESC0603(1608)_L New Footprint=RESC0603(1608)_L
Change Physical Footprint: Designator=R19 Old Footprint=RESC0603(1608)_L New Footprint=RESC0603(1608)_L
Change Physical Footprint: Designator=R20 Old Footprint=RESC0603(1608)_L New Footprint=RESC0603(1608)_L
Change Physical Footprint: Designator=R21 Old Footprint=RESC0603(1608)_L New Footprint=RESC0603(1608)_L
Change Physical Footprint: Designator=R22 Old Footprint=RESC0603(1608)_L New Footprint=RESC0603(1608)_L
Change Physical Footprint: Designator=S1 Old Footprint=B3U-1000P New Footprint=B3U-1000P
Change Physical Footprint: Designator=U1 Old Footprint=STM-LQFP32_M New Footprint=STM-LQFP32_M
Change Physical Footprint: Designator=U2 Old Footprint=SOIC-SN8_N New Footprint=SOIC-SN8_N
Change Physical Footprint: Designator=U3 Old Footprint=D0008A_L New Footprint=D0008A_L
Change Physical Footprint: Designator=X1 Old Footprint=XRCHA New Footprint=XRCHA
