Removed Pin From Net: NetName=GND Pin=C2-2
Removed Pin From Net: NetName=GND Pin=C3-2
Removed Pin From Net: NetName=GND Pin=R3-2
Removed Pin From Net: NetName=GND Pin=R11-2
Removed Pin From Net: NetName=GND Pin=U1-1
Removed Pin From Net: NetName=GND Pin=U1-5
Removed Pin From Net: NetName=GND Pin=U1-17
Removed Pin From Net: NetName=GND Pin=U2-3
Change component parameters: Designator = "U3"; Footprint = "D0008A_L"; UniqueID = "\BXHLCWIQ"
Change component parameters. Clean all parameters for all variants
Change component parameters (AddParameter): Name = "Base Number"; Value = "555"; VariantName = "[No Variations]"
Change component parameters (AddParameter): Name = "Clock External Input"; Value = "No"; VariantName = "[No Variations]"
Change component parameters (AddParameter): Name = "Datasheet URL"; Value = "http://www.ti.com/general/docs/lit/getliterature.tsp?genericPartNumber=NE555&fileType=pdf"; VariantName = "[No Variations]"
Change component parameters (AddParameter): Name = "Datasheet Version"; Value = "Rev. I, 09/2014"; VariantName = "[No Variations]"
Change component parameters (AddParameter): Name = "Device Marking"; Value = "NE555D"; VariantName = "[No Variations]"
Change component parameters (AddParameter): Name = "Digital IC Case Style"; Value = "SOIC"; VariantName = "[No Variations]"
Change component parameters (AddParameter): Name = "Frequency"; Value = "500kHz"; VariantName = "[No Variations]"
Change component parameters (AddParameter): Name = "IC Generic Number"; Value = "555"; VariantName = "[No Variations]"
Change component parameters (AddParameter): Name = "IC Temperature Range"; Value = "Commercial"; VariantName = "[No Variations]"
Change component parameters (AddParameter): Name = "Logic Function Number"; Value = "555"; VariantName = "[No Variations]"
Change component parameters (AddParameter): Name = "Manufacturer"; Value = "Texas Instruments"; VariantName = "[No Variations]"
Change component parameters (AddParameter): Name = "Manufacturer URL"; Value = "http://www.ti.com/"; VariantName = "[No Variations]"
Change component parameters (AddParameter): Name = "Mounting Technology"; Value = "SurfaceMount"; VariantName = "[No Variations]"
Change component parameters (AddParameter): Name = "No. of Channels"; Value = "1"; VariantName = "[No Variations]"
Change component parameters (AddParameter): Name = "No. of Pins"; Value = "8"; VariantName = "[No Variations]"
Change component parameters (AddParameter): Name = "No. of Timers"; Value = "1"; VariantName = "[No Variations]"
Change component parameters (AddParameter): Name = "Operating Frequency Max"; Value = "0.5MHz"; VariantName = "[No Variations]"
Change component parameters (AddParameter): Name = "Operating Mode"; Value = "Astable,Monostable"; VariantName = "[No Variations]"
Change component parameters (AddParameter): Name = "Operating Temperature Max"; Value = "70ÅãC"; VariantName = "[No Variations]"
Change component parameters (AddParameter): Name = "Operating Temperature Min"; Value = "0ÅãC"; VariantName = "[No Variations]"
Change component parameters (AddParameter): Name = "Operating Temperature Range"; Value = "0ÅãCto+70ÅãC"; VariantName = "[No Variations]"
Change component parameters (AddParameter): Name = "Package / Case"; Value = "SOIC"; VariantName = "[No Variations]"
Change component parameters (AddParameter): Name = "Package Description"; Value = "8-Pin Small Outline Integrated Circuit, Body 4.9 x 3.9 mm, Pitch 1.27 mm"; VariantName = "[No Variations]"
Change component parameters (AddParameter): Name = "Package Reference"; Value = "D8"; VariantName = "[No Variations]"
Change component parameters (AddParameter): Name = "Package URL"; Value = "http://www.ti.com/lit/ml/msoi002j/msoi002j.pdf"; VariantName = "[No Variations]"
Change component parameters (AddParameter): Name = "PartNumber"; Value = "NE555"; VariantName = "[No Variations]"
Change component parameters (AddParameter): Name = "Supply Voltage Max"; Value = "16V"; VariantName = "[No Variations]"
Change component parameters (AddParameter): Name = "Supply Voltage Min"; Value = "4.5V"; VariantName = "[No Variations]"
Change component parameters (AddParameter): Name = "Supply Voltage Range"; Value = "4.5Vto16V"; VariantName = "[No Variations]"
Change component parameters (AddParameter): Name = "SVHC"; Value = "NoSVHC(19-Dec-2012)"; VariantName = "[No Variations]"
Added Pin To Net: NetName=VCC Pin=C2-2
Added Pin To Net: NetName=VCC Pin=C3-2
Added Pin To Net: NetName=VCC Pin=R3-2
Added Pin To Net: NetName=VCC Pin=R11-2
Added Pin To Net: NetName=VCC Pin=U1-1
Added Pin To Net: NetName=VCC Pin=U1-5
Added Pin To Net: NetName=VCC Pin=U1-17
Added Pin To Net: NetName=VCC Pin=U2-3
Added Net: Name=VCC
Added Member To Class: ClassName=SignalOUT Member=Component R12 RES0603
